C:\USERS\EZ15CT-SUMIZONO\DESKTOP\BOIDSFISH_V2\DEBUG\DRAW.OBJ
C:\USERS\EZ15CT-SUMIZONO\DESKTOP\BOIDSFISH_V2\DEBUG\GLSAMPLE_FRAMELV3.EXE
C:\USERS\EZ15CT-SUMIZONO\DESKTOP\BOIDSFISH_V2\DEBUG\GLSAMPLE_FRAMELV3.EXE.EMBED.MANIFEST.RES
C:\USERS\EZ15CT-SUMIZONO\DESKTOP\BOIDSFISH_V2\DEBUG\GLSAMPLE_FRAMELV3.EXE.INTERMEDIATE.MANIFEST
C:\USERS\EZ15CT-SUMIZONO\DESKTOP\BOIDSFISH_V2\DEBUG\GLSAMPLE_FRAMELV3.ILK
C:\USERS\EZ15CT-SUMIZONO\DESKTOP\BOIDSFISH_V2\DEBUG\GLSAMPLE_FRAMELV3.PDB
C:\USERS\EZ15CT-SUMIZONO\DESKTOP\BOIDSFISH_V2\DEBUG\KBDMOUSE.OBJ
C:\USERS\EZ15CT-SUMIZONO\DESKTOP\BOIDSFISH_V2\DEBUG\LIGHT.OBJ
C:\USERS\EZ15CT-SUMIZONO\DESKTOP\BOIDSFISH_V2\DEBUG\MAIN.OBJ
C:\USERS\EZ15CT-SUMIZONO\DESKTOP\BOIDSFISH_V2\DEBUG\PROJVIEW.OBJ
C:\USERS\EZ15CT-SUMIZONO\DESKTOP\BOIDSFISH_V2\DEBUG\SIM.OBJ
C:\USERS\EZ15CT-SUMIZONO\DESKTOP\BOIDSFISH_V2\DEBUG\UTIL.OBJ
C:\USERS\EZ15CT-SUMIZONO\DESKTOP\BOIDSFISH_V2\DEBUG\VC100.PDB
C:\USERS\EZ15CT-SUMIZONO\DESKTOP\BOIDSFISH\DEBUG\DRAW.OBJ
C:\USERS\EZ15CT-SUMIZONO\DESKTOP\BOIDSFISH\DEBUG\GLSAMPLE_FRAMELV3.EXE
C:\USERS\EZ15CT-SUMIZONO\DESKTOP\BOIDSFISH\DEBUG\GLSAMPLE_FRAMELV3.EXE.EMBED.MANIFEST
C:\USERS\EZ15CT-SUMIZONO\DESKTOP\BOIDSFISH\DEBUG\GLSAMPLE_FRAMELV3.EXE.EMBED.MANIFEST.RES
C:\USERS\EZ15CT-SUMIZONO\DESKTOP\BOIDSFISH\DEBUG\GLSAMPLE_FRAMELV3.EXE.INTERMEDIATE.MANIFEST
C:\USERS\EZ15CT-SUMIZONO\DESKTOP\BOIDSFISH\DEBUG\GLSAMPLE_FRAMELV3.ILK
C:\USERS\EZ15CT-SUMIZONO\DESKTOP\BOIDSFISH\DEBUG\GLSAMPLE_FRAMELV3.PDB
C:\USERS\EZ15CT-SUMIZONO\DESKTOP\BOIDSFISH\DEBUG\KBDMOUSE.OBJ
C:\USERS\EZ15CT-SUMIZONO\DESKTOP\BOIDSFISH\DEBUG\LIGHT.OBJ
C:\USERS\EZ15CT-SUMIZONO\DESKTOP\BOIDSFISH\DEBUG\MAIN.OBJ
C:\USERS\EZ15CT-SUMIZONO\DESKTOP\BOIDSFISH\DEBUG\PROJVIEW.OBJ
C:\USERS\EZ15CT-SUMIZONO\DESKTOP\BOIDSFISH\DEBUG\SIM.OBJ
C:\USERS\EZ15CT-SUMIZONO\DESKTOP\BOIDSFISH\DEBUG\UTIL.OBJ
C:\USERS\EZ15CT-SUMIZONO\DESKTOP\BOIDSFISH\DEBUG\VC100.PDB
C:\Users\vruser\Desktop\BoidsFish-ManyFeeds\BoidsFish-ManyFeeds\Debug\cl.command.1.tlog
C:\Users\vruser\Desktop\BoidsFish-ManyFeeds\BoidsFish-ManyFeeds\Debug\CL.read.1.tlog
C:\Users\vruser\Desktop\BoidsFish-ManyFeeds\BoidsFish-ManyFeeds\Debug\CL.write.1.tlog
C:\USERS\VRUSER\DESKTOP\BOIDSFISH-MANYFEEDS\BOIDSFISH-MANYFEEDS\DEBUG\DRAW.OBJ
C:\Users\vruser\Desktop\BoidsFish-ManyFeeds\BoidsFish-ManyFeeds\Debug\glsample_frameLv3.exe.embed.manifest
C:\USERS\VRUSER\DESKTOP\BOIDSFISH-MANYFEEDS\BOIDSFISH-MANYFEEDS\DEBUG\GLSAMPLE_FRAMELV3.EXE.EMBED.MANIFEST.RES
C:\Users\vruser\Desktop\BoidsFish-ManyFeeds\BoidsFish-ManyFeeds\Debug\glsample_frameLv3.exe.intermediate.manifest
C:\Users\vruser\Desktop\BoidsFish-ManyFeeds\BoidsFish-ManyFeeds\Debug\glsample_frameLv3.pdb
C:\Users\vruser\Desktop\BoidsFish-ManyFeeds\BoidsFish-ManyFeeds\Debug\glsample_frameLv3.write.1.tlog
C:\Users\vruser\Desktop\BoidsFish-ManyFeeds\BoidsFish-ManyFeeds\Debug\glsample_frameLv3_manifest.rc
C:\Users\vruser\Desktop\BoidsFish-ManyFeeds\BoidsFish-ManyFeeds\Debug\glsample6_shading.vcxprojResolveAssemblyReference.cache
C:\USERS\VRUSER\DESKTOP\BOIDSFISH-MANYFEEDS\BOIDSFISH-MANYFEEDS\DEBUG\KBDMOUSE.OBJ
C:\USERS\VRUSER\DESKTOP\BOIDSFISH-MANYFEEDS\BOIDSFISH-MANYFEEDS\DEBUG\LIGHT.OBJ
C:\Users\vruser\Desktop\BoidsFish-ManyFeeds\BoidsFish-ManyFeeds\Debug\link.7320.read.1.tlog
C:\Users\vruser\Desktop\BoidsFish-ManyFeeds\BoidsFish-ManyFeeds\Debug\link.7320.write.1.tlog
C:\Users\vruser\Desktop\BoidsFish-ManyFeeds\BoidsFish-ManyFeeds\Debug\link.7320-cvtres.read.1.tlog
C:\Users\vruser\Desktop\BoidsFish-ManyFeeds\BoidsFish-ManyFeeds\Debug\link.7320-cvtres.write.1.tlog
C:\Users\vruser\Desktop\BoidsFish-ManyFeeds\BoidsFish-ManyFeeds\Debug\link.command.1.tlog
C:\Users\vruser\Desktop\BoidsFish-ManyFeeds\BoidsFish-ManyFeeds\Debug\link.read.1.tlog
C:\Users\vruser\Desktop\BoidsFish-ManyFeeds\BoidsFish-ManyFeeds\Debug\link.write.1.tlog
C:\Users\vruser\Desktop\BoidsFish-ManyFeeds\BoidsFish-ManyFeeds\Debug\link-cvtres.read.1.tlog
C:\Users\vruser\Desktop\BoidsFish-ManyFeeds\BoidsFish-ManyFeeds\Debug\link-cvtres.write.1.tlog
C:\USERS\VRUSER\DESKTOP\BOIDSFISH-MANYFEEDS\BOIDSFISH-MANYFEEDS\DEBUG\MAIN.OBJ
C:\Users\vruser\Desktop\BoidsFish-ManyFeeds\BoidsFish-ManyFeeds\Debug\mt.command.1.tlog
C:\Users\vruser\Desktop\BoidsFish-ManyFeeds\BoidsFish-ManyFeeds\Debug\mt.read.1.tlog
C:\Users\vruser\Desktop\BoidsFish-ManyFeeds\BoidsFish-ManyFeeds\Debug\mt.write.1.tlog
C:\USERS\VRUSER\DESKTOP\BOIDSFISH-MANYFEEDS\BOIDSFISH-MANYFEEDS\DEBUG\PROJVIEW.OBJ
C:\Users\vruser\Desktop\BoidsFish-ManyFeeds\BoidsFish-ManyFeeds\Debug\rc.command.1.tlog
C:\Users\vruser\Desktop\BoidsFish-ManyFeeds\BoidsFish-ManyFeeds\Debug\rc.read.1.tlog
C:\Users\vruser\Desktop\BoidsFish-ManyFeeds\BoidsFish-ManyFeeds\Debug\rc.write.1.tlog
C:\USERS\VRUSER\DESKTOP\BOIDSFISH-MANYFEEDS\BOIDSFISH-MANYFEEDS\DEBUG\SIM.OBJ
C:\USERS\VRUSER\DESKTOP\BOIDSFISH-MANYFEEDS\BOIDSFISH-MANYFEEDS\DEBUG\UTIL.OBJ
C:\Users\vruser\Desktop\BoidsFish-ManyFeeds\BoidsFish-ManyFeeds\Debug\vc100.idb
C:\USERS\VRUSER\DESKTOP\BOIDSFISH-MANYFEEDS\BOIDSFISH-MANYFEEDS\DEBUG\VC100.PDB
