C:\Users\ohshimat\Downloads\glsample_frameLv2\glsample_frameLv2\Debug\cl.command.1.tlog
C:\Users\ohshimat\Downloads\glsample_frameLv2\glsample_frameLv2\Debug\CL.read.1.tlog
C:\Users\ohshimat\Downloads\glsample_frameLv2\glsample_frameLv2\Debug\CL.write.1.tlog
C:\USERS\OHSHIMAT\DOWNLOADS\GLSAMPLE_FRAMELV2\GLSAMPLE_FRAMELV2\DEBUG\DRAW.OBJ
C:\USERS\OHSHIMAT\DOWNLOADS\GLSAMPLE_FRAMELV2\GLSAMPLE_FRAMELV2\DEBUG\GLSAMPLE_FRAME.OBJ
C:\USERS\OHSHIMAT\DOWNLOADS\GLSAMPLE_FRAMELV2\GLSAMPLE_FRAMELV2\DEBUG\GLSAMPLE_FRAMELV2.EXE
C:\USERS\OHSHIMAT\DOWNLOADS\GLSAMPLE_FRAMELV2\GLSAMPLE_FRAMELV2\DEBUG\GLSAMPLE_FRAMELV2.EXE.EMBED.MANIFEST
C:\USERS\OHSHIMAT\DOWNLOADS\GLSAMPLE_FRAMELV2\GLSAMPLE_FRAMELV2\DEBUG\GLSAMPLE_FRAMELV2.EXE.EMBED.MANIFEST.RES
C:\USERS\OHSHIMAT\DOWNLOADS\GLSAMPLE_FRAMELV2\GLSAMPLE_FRAMELV2\DEBUG\GLSAMPLE_FRAMELV2.EXE.INTERMEDIATE.MANIFEST
C:\USERS\OHSHIMAT\DOWNLOADS\GLSAMPLE_FRAMELV2\GLSAMPLE_FRAMELV2\DEBUG\GLSAMPLE_FRAMELV2.ILK
C:\USERS\OHSHIMAT\DOWNLOADS\GLSAMPLE_FRAMELV2\GLSAMPLE_FRAMELV2\DEBUG\GLSAMPLE_FRAMELV2.PDB
C:\Users\ohshimat\Downloads\glsample_frameLv2\glsample_frameLv2\Debug\glsample_frameLv2.write.1.tlog
C:\Users\ohshimat\Downloads\glsample_frameLv2\glsample_frameLv2\Debug\glsample_frameLv2_manifest.rc
C:\USERS\OHSHIMAT\DOWNLOADS\GLSAMPLE_FRAMELV2\GLSAMPLE_FRAMELV2\DEBUG\INTERACTION.OBJ
C:\Users\ohshimat\Downloads\glsample_frameLv2\glsample_frameLv2\Debug\link.280.read.1.tlog
C:\Users\ohshimat\Downloads\glsample_frameLv2\glsample_frameLv2\Debug\link.280.write.1.tlog
C:\Users\ohshimat\Downloads\glsample_frameLv2\glsample_frameLv2\Debug\link.280-cvtres.read.1.tlog
C:\Users\ohshimat\Downloads\glsample_frameLv2\glsample_frameLv2\Debug\link.280-cvtres.write.1.tlog
C:\Users\ohshimat\Downloads\glsample_frameLv2\glsample_frameLv2\Debug\link.command.1.tlog
C:\Users\ohshimat\Downloads\glsample_frameLv2\glsample_frameLv2\Debug\link.read.1.tlog
C:\Users\ohshimat\Downloads\glsample_frameLv2\glsample_frameLv2\Debug\link.write.1.tlog
C:\Users\ohshimat\Downloads\glsample_frameLv2\glsample_frameLv2\Debug\link-cvtres.read.1.tlog
C:\Users\ohshimat\Downloads\glsample_frameLv2\glsample_frameLv2\Debug\link-cvtres.write.1.tlog
C:\Users\ohshimat\Downloads\glsample_frameLv2\glsample_frameLv2\Debug\mt.command.1.tlog
C:\Users\ohshimat\Downloads\glsample_frameLv2\glsample_frameLv2\Debug\mt.read.1.tlog
C:\Users\ohshimat\Downloads\glsample_frameLv2\glsample_frameLv2\Debug\mt.write.1.tlog
C:\Users\ohshimat\Downloads\glsample_frameLv2\glsample_frameLv2\Debug\rc.command.1.tlog
C:\Users\ohshimat\Downloads\glsample_frameLv2\glsample_frameLv2\Debug\rc.read.1.tlog
C:\Users\ohshimat\Downloads\glsample_frameLv2\glsample_frameLv2\Debug\rc.write.1.tlog
C:\USERS\OHSHIMAT\DOWNLOADS\GLSAMPLE_FRAMELV2\GLSAMPLE_FRAMELV2\DEBUG\SIM.OBJ
C:\Users\ohshimat\Downloads\glsample_frameLv2\glsample_frameLv2\Debug\vc100.idb
C:\USERS\OHSHIMAT\DOWNLOADS\GLSAMPLE_FRAMELV2\GLSAMPLE_FRAMELV2\DEBUG\VC100.PDB
