C:\Users\登志一\OneDrive\〔コースウェア〕\〔インタラクティブCGプログラミング実習〕\iCG_Projects\glsample_frame\Debug\cl.command.1.tlog
C:\Users\登志一\OneDrive\〔コースウェア〕\〔インタラクティブCGプログラミング実習〕\iCG_Projects\glsample_frame\Debug\CL.read.1.tlog
C:\Users\登志一\OneDrive\〔コースウェア〕\〔インタラクティブCGプログラミング実習〕\iCG_Projects\glsample_frame\Debug\CL.write.1.tlog
C:\USERS\登志一\ONEDRIVE\〔コースウェア〕\〔インタラクティブCGプログラミング実習〕\ICG_PROJECTS\GLSAMPLE_FRAME\DEBUG\GLSAMPLE_FRAME.EXE
C:\USERS\登志一\ONEDRIVE\〔コースウェア〕\〔インタラクティブCGプログラミング実習〕\ICG_PROJECTS\GLSAMPLE_FRAME\DEBUG\GLSAMPLE_FRAME.EXE.EMBED.MANIFEST
C:\USERS\登志一\ONEDRIVE\〔コースウェア〕\〔インタラクティブCGプログラミング実習〕\ICG_PROJECTS\GLSAMPLE_FRAME\DEBUG\GLSAMPLE_FRAME.EXE.EMBED.MANIFEST.RES
C:\USERS\登志一\ONEDRIVE\〔コースウェア〕\〔インタラクティブCGプログラミング実習〕\ICG_PROJECTS\GLSAMPLE_FRAME\DEBUG\GLSAMPLE_FRAME.EXE.INTERMEDIATE.MANIFEST
C:\USERS\登志一\ONEDRIVE\〔コースウェア〕\〔インタラクティブCGプログラミング実習〕\ICG_PROJECTS\GLSAMPLE_FRAME\DEBUG\GLSAMPLE_FRAME.ILK
C:\USERS\登志一\ONEDRIVE\〔コースウェア〕\〔インタラクティブCGプログラミング実習〕\ICG_PROJECTS\GLSAMPLE_FRAME\DEBUG\GLSAMPLE_FRAME.OBJ
C:\USERS\登志一\ONEDRIVE\〔コースウェア〕\〔インタラクティブCGプログラミング実習〕\ICG_PROJECTS\GLSAMPLE_FRAME\DEBUG\GLSAMPLE_FRAME.PDB
C:\Users\登志一\OneDrive\〔コースウェア〕\〔インタラクティブCGプログラミング実習〕\iCG_Projects\glsample_frame\Debug\glsample_frame.write.1.tlog
C:\Users\登志一\OneDrive\〔コースウェア〕\〔インタラクティブCGプログラミング実習〕\iCG_Projects\glsample_frame\Debug\glsample_frame_manifest.rc
C:\Users\登志一\OneDrive\〔コースウェア〕\〔インタラクティブCGプログラミング実習〕\iCG_Projects\glsample_frame\Debug\glsample6_shading.vcxprojResolveAssemblyReference.cache
C:\Users\登志一\OneDrive\〔コースウェア〕\〔インタラクティブCGプログラミング実習〕\iCG_Projects\glsample_frame\Debug\link.6244.read.1.tlog
C:\Users\登志一\OneDrive\〔コースウェア〕\〔インタラクティブCGプログラミング実習〕\iCG_Projects\glsample_frame\Debug\link.6244.write.1.tlog
C:\Users\登志一\OneDrive\〔コースウェア〕\〔インタラクティブCGプログラミング実習〕\iCG_Projects\glsample_frame\Debug\link.6244-cvtres.read.1.tlog
C:\Users\登志一\OneDrive\〔コースウェア〕\〔インタラクティブCGプログラミング実習〕\iCG_Projects\glsample_frame\Debug\link.6244-cvtres.write.1.tlog
C:\Users\登志一\OneDrive\〔コースウェア〕\〔インタラクティブCGプログラミング実習〕\iCG_Projects\glsample_frame\Debug\link.command.1.tlog
C:\Users\登志一\OneDrive\〔コースウェア〕\〔インタラクティブCGプログラミング実習〕\iCG_Projects\glsample_frame\Debug\link.read.1.tlog
C:\Users\登志一\OneDrive\〔コースウェア〕\〔インタラクティブCGプログラミング実習〕\iCG_Projects\glsample_frame\Debug\link.write.1.tlog
C:\Users\登志一\OneDrive\〔コースウェア〕\〔インタラクティブCGプログラミング実習〕\iCG_Projects\glsample_frame\Debug\link-cvtres.read.1.tlog
C:\Users\登志一\OneDrive\〔コースウェア〕\〔インタラクティブCGプログラミング実習〕\iCG_Projects\glsample_frame\Debug\link-cvtres.write.1.tlog
C:\Users\登志一\OneDrive\〔コースウェア〕\〔インタラクティブCGプログラミング実習〕\iCG_Projects\glsample_frame\Debug\mt.command.1.tlog
C:\Users\登志一\OneDrive\〔コースウェア〕\〔インタラクティブCGプログラミング実習〕\iCG_Projects\glsample_frame\Debug\mt.read.1.tlog
C:\Users\登志一\OneDrive\〔コースウェア〕\〔インタラクティブCGプログラミング実習〕\iCG_Projects\glsample_frame\Debug\mt.write.1.tlog
C:\Users\登志一\OneDrive\〔コースウェア〕\〔インタラクティブCGプログラミング実習〕\iCG_Projects\glsample_frame\Debug\rc.command.1.tlog
C:\Users\登志一\OneDrive\〔コースウェア〕\〔インタラクティブCGプログラミング実習〕\iCG_Projects\glsample_frame\Debug\rc.read.1.tlog
C:\Users\登志一\OneDrive\〔コースウェア〕\〔インタラクティブCGプログラミング実習〕\iCG_Projects\glsample_frame\Debug\rc.write.1.tlog
C:\Users\登志一\OneDrive\〔コースウェア〕\〔インタラクティブCGプログラミング実習〕\iCG_Projects\glsample_frame\Debug\vc100.idb
C:\USERS\登志一\ONEDRIVE\〔コースウェア〕\〔インタラクティブCGプログラミング実習〕\ICG_PROJECTS\GLSAMPLE_FRAME\DEBUG\VC100.PDB
