C:\Users\登志一\OneDrive\〔コースウェア〕\〔インタラクティブCGプログラミング実習〕\iCG_Projects\glsample_frameLv2\Debug\cl.command.1.tlog
C:\Users\登志一\OneDrive\〔コースウェア〕\〔インタラクティブCGプログラミング実習〕\iCG_Projects\glsample_frameLv2\Debug\CL.read.1.tlog
C:\Users\登志一\OneDrive\〔コースウェア〕\〔インタラクティブCGプログラミング実習〕\iCG_Projects\glsample_frameLv2\Debug\CL.write.1.tlog
C:\USERS\登志一\ONEDRIVE\〔コースウェア〕\〔インタラクティブCGプログラミング実習〕\ICG_PROJECTS\GLSAMPLE_FRAMELV2\DEBUG\GLSAMPLE_FRAME.OBJ
C:\USERS\登志一\ONEDRIVE\〔コースウェア〕\〔インタラクティブCGプログラミング実習〕\ICG_PROJECTS\GLSAMPLE_FRAMELV2\DEBUG\GLSAMPLE_FRAMELV1.EXE
C:\USERS\登志一\ONEDRIVE\〔コースウェア〕\〔インタラクティブCGプログラミング実習〕\ICG_PROJECTS\GLSAMPLE_FRAMELV2\DEBUG\GLSAMPLE_FRAMELV1.EXE.EMBED.MANIFEST
C:\USERS\登志一\ONEDRIVE\〔コースウェア〕\〔インタラクティブCGプログラミング実習〕\ICG_PROJECTS\GLSAMPLE_FRAMELV2\DEBUG\GLSAMPLE_FRAMELV1.EXE.EMBED.MANIFEST.RES
C:\USERS\登志一\ONEDRIVE\〔コースウェア〕\〔インタラクティブCGプログラミング実習〕\ICG_PROJECTS\GLSAMPLE_FRAMELV2\DEBUG\GLSAMPLE_FRAMELV1.EXE.INTERMEDIATE.MANIFEST
C:\USERS\登志一\ONEDRIVE\〔コースウェア〕\〔インタラクティブCGプログラミング実習〕\ICG_PROJECTS\GLSAMPLE_FRAMELV2\DEBUG\GLSAMPLE_FRAMELV1.ILK
C:\USERS\登志一\ONEDRIVE\〔コースウェア〕\〔インタラクティブCGプログラミング実習〕\ICG_PROJECTS\GLSAMPLE_FRAMELV2\DEBUG\GLSAMPLE_FRAMELV1.PDB
C:\Users\登志一\OneDrive\〔コースウェア〕\〔インタラクティブCGプログラミング実習〕\iCG_Projects\glsample_frameLv2\Debug\glsample_frameLv1.write.1.tlog
C:\Users\登志一\OneDrive\〔コースウェア〕\〔インタラクティブCGプログラミング実習〕\iCG_Projects\glsample_frameLv2\Debug\glsample_frameLv1_manifest.rc
C:\Users\登志一\OneDrive\〔コースウェア〕\〔インタラクティブCGプログラミング実習〕\iCG_Projects\glsample_frameLv2\Debug\link.6880.read.1.tlog
C:\Users\登志一\OneDrive\〔コースウェア〕\〔インタラクティブCGプログラミング実習〕\iCG_Projects\glsample_frameLv2\Debug\link.6880.write.1.tlog
C:\Users\登志一\OneDrive\〔コースウェア〕\〔インタラクティブCGプログラミング実習〕\iCG_Projects\glsample_frameLv2\Debug\link.6880-cvtres.read.1.tlog
C:\Users\登志一\OneDrive\〔コースウェア〕\〔インタラクティブCGプログラミング実習〕\iCG_Projects\glsample_frameLv2\Debug\link.6880-cvtres.write.1.tlog
C:\Users\登志一\OneDrive\〔コースウェア〕\〔インタラクティブCGプログラミング実習〕\iCG_Projects\glsample_frameLv2\Debug\link.command.1.tlog
C:\Users\登志一\OneDrive\〔コースウェア〕\〔インタラクティブCGプログラミング実習〕\iCG_Projects\glsample_frameLv2\Debug\link.read.1.tlog
C:\Users\登志一\OneDrive\〔コースウェア〕\〔インタラクティブCGプログラミング実習〕\iCG_Projects\glsample_frameLv2\Debug\link.write.1.tlog
C:\Users\登志一\OneDrive\〔コースウェア〕\〔インタラクティブCGプログラミング実習〕\iCG_Projects\glsample_frameLv2\Debug\link-cvtres.read.1.tlog
C:\Users\登志一\OneDrive\〔コースウェア〕\〔インタラクティブCGプログラミング実習〕\iCG_Projects\glsample_frameLv2\Debug\link-cvtres.write.1.tlog
C:\Users\登志一\OneDrive\〔コースウェア〕\〔インタラクティブCGプログラミング実習〕\iCG_Projects\glsample_frameLv2\Debug\mt.command.1.tlog
C:\Users\登志一\OneDrive\〔コースウェア〕\〔インタラクティブCGプログラミング実習〕\iCG_Projects\glsample_frameLv2\Debug\mt.read.1.tlog
C:\Users\登志一\OneDrive\〔コースウェア〕\〔インタラクティブCGプログラミング実習〕\iCG_Projects\glsample_frameLv2\Debug\mt.write.1.tlog
C:\Users\登志一\OneDrive\〔コースウェア〕\〔インタラクティブCGプログラミング実習〕\iCG_Projects\glsample_frameLv2\Debug\rc.command.1.tlog
C:\Users\登志一\OneDrive\〔コースウェア〕\〔インタラクティブCGプログラミング実習〕\iCG_Projects\glsample_frameLv2\Debug\rc.read.1.tlog
C:\Users\登志一\OneDrive\〔コースウェア〕\〔インタラクティブCGプログラミング実習〕\iCG_Projects\glsample_frameLv2\Debug\rc.write.1.tlog
C:\Users\登志一\OneDrive\〔コースウェア〕\〔インタラクティブCGプログラミング実習〕\iCG_Projects\glsample_frameLv2\Debug\vc100.idb
C:\USERS\登志一\ONEDRIVE\〔コースウェア〕\〔インタラクティブCGプログラミング実習〕\ICG_PROJECTS\GLSAMPLE_FRAMELV2\DEBUG\VC100.PDB
