2018/01/15 19:47:20 にビルドを開始しました。
     1>ノード 2 上のプロジェクト "C:\Users\vruser\Desktop\BoidsFish-ManyFeeds\BoidsFish-ManyFeeds\glsample6_shading.vcxproj" (build ターゲット)。
     1>InitializeBuildStatus:
         "AlwaysCreate" が指定されたため "Debug\glsample_frameLv3.unsuccessfulbuild" を作成しています。
       ClCompile:
         C:\Program Files (x86)\Microsoft Visual Studio 10.0\VC\bin\CL.exe /c /ZI /nologo /W3 /WX- /Od /Oy- /D WIN32 /D _DEBUG /D _CONSOLE /D _UNICODE /D UNICODE /Gm /EHsc /RTC1 /MDd /GS /fp:precise /Zc:wchar_t /Zc:forScope /Fo"Debug\\" /Fd"Debug\vc100.pdb" /Gd /TP /analyze- /errorReport:prompt kbdmouse.cpp
         kbdmouse.cpp
     1>c:\users\vruser\desktop\boidsfish-manyfeeds\boidsfish-manyfeeds\sim.h : warning C4819: ファイルは、現在のコード ページ (932) で表示できない文字を含んでいます。データの損失を防ぐために、ファイルを Unicode 形式で保存してください。
     1>c:\users\vruser\desktop\boidsfish-manyfeeds\boidsfish-manyfeeds\kbdmouse.cpp(30): warning C4800: 'int' : ブール値を 'true' または 'false' に強制的に設定します (警告の処理)
     1>c:\users\vruser\desktop\boidsfish-manyfeeds\boidsfish-manyfeeds\kbdmouse.cpp(32): warning C4800: 'int' : ブール値を 'true' または 'false' に強制的に設定します (警告の処理)
     1>c:\users\vruser\desktop\boidsfish-manyfeeds\boidsfish-manyfeeds\kbdmouse.cpp(73): warning C4065: switch 文に 'default' はありますが 'case' ラベルがありません。
       ManifestResourceCompile:
         すべての出力が最新のものです。
       Link:
         C:\Program Files (x86)\Microsoft Visual Studio 10.0\VC\bin\link.exe /ERRORREPORT:PROMPT /OUT:"C:\Users\vruser\Desktop\BoidsFish-ManyFeeds\BoidsFish-ManyFeeds\Debug\glsample_frameLv3.exe" /INCREMENTAL /NOLOGO kernel32.lib user32.lib gdi32.lib winspool.lib comdlg32.lib advapi32.lib shell32.lib ole32.lib oleaut32.lib uuid.lib odbc32.lib odbccp32.lib /MANIFEST /ManifestFile:"Debug\glsample_frameLv3.exe.intermediate.manifest" /MANIFESTUAC:"level='asInvoker' uiAccess='false'" /DEBUG /PDB:"C:\Users\vruser\Desktop\BoidsFish-ManyFeeds\BoidsFish-ManyFeeds\Debug\glsample_frameLv3.pdb" /SUBSYSTEM:CONSOLE /TLBID:1 /DYNAMICBASE /NXCOMPAT /IMPLIB:"C:\Users\vruser\Desktop\BoidsFish-ManyFeeds\BoidsFish-ManyFeeds\Debug\glsample_frameLv3.lib" /MACHINE:X86 Debug\glsample_frameLv3.exe.embed.manifest.res
         Debug\draw.obj
         Debug\light.obj
         Debug\main.obj
         Debug\kbdmouse.obj
         Debug\projview.obj
         Debug\sim.obj
         Debug\Util.obj
       Manifest:
         c:\Program Files (x86)\Microsoft SDKs\Windows\v7.0A\bin\mt.exe /nologo /verbose /out:"Debug\glsample_frameLv3.exe.embed.manifest" /manifest Debug\glsample_frameLv3.exe.intermediate.manifest
         すべての出力が最新のものです。
       LinkEmbedManifest:
         すべての出力が最新のものです。
         glsample6_shading.vcxproj -> C:\Users\vruser\Desktop\BoidsFish-ManyFeeds\BoidsFish-ManyFeeds\Debug\glsample_frameLv3.exe
       FinalizeBuildStatus:
         ファイル "Debug\glsample_frameLv3.unsuccessfulbuild" を削除しています。
         "Debug\glsample_frameLv3.lastbuildstate" のタッチ タスクを実行しています。
     1>プロジェクト "C:\Users\vruser\Desktop\BoidsFish-ManyFeeds\BoidsFish-ManyFeeds\glsample6_shading.vcxproj" (build ターゲット) のビルドが完了しました。

ビルドに成功しました。

経過時間 00:00:00.99
